# JRE version: OpenJDK Runtime Environment (8.0_152-b01) (build 1.8.0_152-release-1248-b01)
# Java VM: OpenJDK 64-Bit Server VM (25.152-b01 mixed mode windows-amd64 compressed oops)
Heap:
 PSYoungGen      total 73216K, used 58869K [0x00000000e0000000, 0x00000000e5180000, 0x0000000100000000)
  eden space 64000K, 82% used [0x00000000e0000000,0x00000000e33a9310,0x00000000e3e80000)
  from space 9216K, 64% used [0x00000000e4880000,0x00000000e4e54338,0x00000000e5180000)
  to   space 9728K, 0% used [0x00000000e3e80000,0x00000000e3e80000,0x00000000e4800000)
 ParOldGen       total 48640K, used 8029K [0x00000000a0000000, 0x00000000a2f80000, 0x00000000e0000000)
  object space 48640K, 16% used [0x00000000a0000000,0x00000000a07d7468,0x00000000a2f80000)
 Metaspace       used 32469K, capacity 33056K, committed 33280K, reserved 1077248K
  class space    used 4330K, capacity 4533K, committed 4608K, reserved 1048576K
GC Heap History (10 events):
Event: 18.017 GC heap before
{Heap before GC invocations=5 (full 0):
 PSYoungGen      total 38400K, used 38384K [0x00000000e0000000, 0x00000000e2a80000, 0x0000000100000000)
  eden space 33280K, 100% used [0x00000000e0000000,0x00000000e2080000,0x00000000e2080000)
  from space 5120K, 99% used [0x00000000e2580000,0x00000000e2a7c030,0x00000000e2a80000)
  to   space 5120K, 0% used [0x00000000e2080000,0x00000000e2080000,0x00000000e2580000)
 ParOldGen       total 87552K, used 4933K [0x00000000a0000000, 0x00000000a5580000, 0x00000000e0000000)
  object space 87552K, 5% used [0x00000000a0000000,0x00000000a04d1408,0x00000000a5580000)
 Metaspace       used 19067K, capacity 19566K, committed 19584K, reserved 1067008K
  class space    used 2763K, capacity 2931K, committed 2944K, reserved 1048576K
Event: 18.027 GC heap after
Heap after GC invocations=5 (full 0):
 PSYoungGen      total 38400K, used 5092K [0x00000000e0000000, 0x00000000e2a80000, 0x0000000100000000)
  eden space 33280K, 0% used [0x00000000e0000000,0x00000000e0000000,0x00000000e2080000)
  from space 5120K, 99% used [0x00000000e2080000,0x00000000e2579050,0x00000000e2580000)
  to   space 5120K, 0% used [0x00000000e2580000,0x00000000e2580000,0x00000000e2a80000)
 ParOldGen       total 87552K, used 8622K [0x00000000a0000000, 0x00000000a5580000, 0x00000000e0000000)
  object space 87552K, 9% used [0x00000000a0000000,0x00000000a086b8e0,0x00000000a5580000)
 Metaspace       used 19067K, capacity 19566K, committed 19584K, reserved 1067008K
  class space    used 2763K, capacity 2931K, committed 2944K, reserved 1048576K
}
Event: 18.151 GC heap before
{Heap before GC invocations=6 (full 0):
 PSYoungGen      total 38400K, used 15678K [0x00000000e0000000, 0x00000000e2a80000, 0x0000000100000000)
  eden space 33280K, 31% used [0x00000000e0000000,0x00000000e0a568d0,0x00000000e2080000)
  from space 5120K, 99% used [0x00000000e2080000,0x00000000e2579050,0x00000000e2580000)
  to   space 5120K, 0% used [0x00000000e2580000,0x00000000e2580000,0x00000000e2a80000)
 ParOldGen       total 87552K, used 8622K [0x00000000a0000000, 0x00000000a5580000, 0x00000000e0000000)
  object space 87552K, 9% used [0x00000000a0000000,0x00000000a086b8e0,0x00000000a5580000)
 Metaspace       used 20671K, capacity 21166K, committed 21296K, reserved 1067008K
  class space    used 2915K, capacity 3123K, committed 3200K, reserved 1048576K
Event: 18.158 GC heap after
Heap after GC invocations=6 (full 0):
 PSYoungGen      total 38400K, used 5088K [0x00000000e0000000, 0x00000000e2a80000, 0x0000000100000000)
  eden space 33280K, 0% used [0x00000000e0000000,0x00000000e0000000,0x00000000e2080000)
  from space 5120K, 99% used [0x00000000e2580000,0x00000000e2a78040,0x00000000e2a80000)
  to   space 5120K, 0% used [0x00000000e2080000,0x00000000e2080000,0x00000000e2580000)
 ParOldGen       total 87552K, used 10415K [0x00000000a0000000, 0x00000000a5580000, 0x00000000e0000000)
  object space 87552K, 11% used [0x00000000a0000000,0x00000000a0a2bc00,0x00000000a5580000)
 Metaspace       used 20671K, capacity 21166K, committed 21296K, reserved 1067008K
  class space    used 2915K, capacity 3123K, committed 3200K, reserved 1048576K
}
Event: 18.158 GC heap before
{Heap before GC invocations=7 (full 1):
 PSYoungGen      total 38400K, used 5088K [0x00000000e0000000, 0x00000000e2a80000, 0x0000000100000000)
  eden space 33280K, 0% used [0x00000000e0000000,0x00000000e0000000,0x00000000e2080000)
  from space 5120K, 99% used [0x00000000e2580000,0x00000000e2a78040,0x00000000e2a80000)
  to   space 5120K, 0% used [0x00000000e2080000,0x00000000e2080000,0x00000000e2580000)
 ParOldGen       total 87552K, used 10415K [0x00000000a0000000, 0x00000000a5580000, 0x00000000e0000000)
  object space 87552K, 11% used [0x00000000a0000000,0x00000000a0a2bc00,0x00000000a5580000)
 Metaspace       used 20671K, capacity 21166K, committed 21296K, reserved 1067008K
  class space    used 2915K, capacity 3123K, committed 3200K, reserved 1048576K
Event: 18.185 GC heap after
Heap after GC invocations=7 (full 1):
 PSYoungGen      total 38400K, used 0K [0x00000000e0000000, 0x00000000e2a80000, 0x0000000100000000)
  eden space 33280K, 0% used [0x00000000e0000000,0x00000000e0000000,0x00000000e2080000)
  from space 5120K, 0% used [0x00000000e2580000,0x00000000e2580000,0x00000000e2a80000)
  to   space 5120K, 0% used [0x00000000e2080000,0x00000000e2080000,0x00000000e2580000)
 ParOldGen       total 48640K, used 8013K [0x00000000a0000000, 0x00000000a2f80000, 0x00000000e0000000)
  object space 48640K, 16% used [0x00000000a0000000,0x00000000a07d3468,0x00000000a2f80000)
 Metaspace       used 20671K, capacity 21166K, committed 21296K, reserved 1067008K
  class space    used 2915K, capacity 3123K, committed 3200K, reserved 1048576K
}
Event: 18.596 GC heap before
{Heap before GC invocations=8 (full 1):
 PSYoungGen      total 38400K, used 33280K [0x00000000e0000000, 0x00000000e2a80000, 0x0000000100000000)
  eden space 33280K, 100% used [0x00000000e0000000,0x00000000e2080000,0x00000000e2080000)
  from space 5120K, 0% used [0x00000000e2580000,0x00000000e2580000,0x00000000e2a80000)
  to   space 5120K, 0% used [0x00000000e2080000,0x00000000e2080000,0x00000000e2580000)
 ParOldGen       total 48640K, used 8013K [0x00000000a0000000, 0x00000000a2f80000, 0x00000000e0000000)
  object space 48640K, 16% used [0x00000000a0000000,0x00000000a07d3468,0x00000000a2f80000)
 Metaspace       used 25718K, capacity 26234K, committed 26496K, reserved 1073152K
  class space    used 3473K, capacity 3676K, committed 3712K, reserved 1048576K
Event: 18.598 GC heap after
Heap after GC invocations=8 (full 1):
 PSYoungGen      total 38400K, used 4565K [0x00000000e0000000, 0x00000000e5280000, 0x0000000100000000)
  eden space 33280K, 0% used [0x00000000e0000000,0x00000000e0000000,0x00000000e2080000)
  from space 5120K, 89% used [0x00000000e2080000,0x00000000e24f5620,0x00000000e2580000)
  to   space 10240K, 0% used [0x00000000e4880000,0x00000000e4880000,0x00000000e5280000)
 ParOldGen       total 48640K, used 8021K [0x00000000a0000000, 0x00000000a2f80000, 0x00000000e0000000)
  object space 48640K, 16% used [0x00000000a0000000,0x00000000a07d5468,0x00000000a2f80000)
 Metaspace       used 25718K, capacity 26234K, committed 26496K, reserved 1073152K
  class space    used 3473K, capacity 3676K, committed 3712K, reserved 1048576K
}
Event: 18.872 GC heap before
{Heap before GC invocations=9 (full 1):
 PSYoungGen      total 38400K, used 37845K [0x00000000e0000000, 0x00000000e5280000, 0x0000000100000000)
  eden space 33280K, 100% used [0x00000000e0000000,0x00000000e2080000,0x00000000e2080000)
  from space 5120K, 89% used [0x00000000e2080000,0x00000000e24f5620,0x00000000e2580000)
  to   space 10240K, 0% used [0x00000000e4880000,0x00000000e4880000,0x00000000e5280000)
 ParOldGen       total 48640K, used 8021K [0x00000000a0000000, 0x00000000a2f80000, 0x00000000e0000000)
  object space 48640K, 16% used [0x00000000a0000000,0x00000000a07d5468,0x00000000a2f80000)
 Metaspace       used 28902K, capacity 29468K, committed 29696K, reserved 1075200K
  class space    used 3901K, capacity 4067K, committed 4096K, reserved 1048576K
Event: 18.877 GC heap after
Heap after GC invocations=9 (full 1):
 PSYoungGen      total 73216K, used 5968K [0x00000000e0000000, 0x00000000e5180000, 0x0000000100000000)
  eden space 64000K, 0% used [0x00000000e0000000,0x00000000e0000000,0x00000000e3e80000)
  from space 9216K, 64% used [0x00000000e4880000,0x00000000e4e54338,0x00000000e5180000)
  to   space 9728K, 0% used [0x00000000e3e80000,0x00000000e3e80000,0x00000000e4800000)
 ParOldGen       total 48640K, used 8029K [0x00000000a0000000, 0x00000000a2f80000, 0x00000000e0000000)
  object space 48640K, 16% used [0x00000000a0000000,0x00000000a07d7468,0x00000000a2f80000)
 Metaspace       used 28902K, capacity 29468K, committed 29696K, reserved 1075200K
  class space    used 3901K, capacity 4067K, committed 4096K, reserved 1048576K
}

